app/build/intermediates/manifest_merge_blame_file/debug/manifest-merger-blame-debug-report.txt
1<?xml version="1.0" encoding="utf-8"?>
2<manifest xmlns:android="http://schemas.android.com/apk/res/android"
3    package="com.dmj.fly"
4    android:versionCode="1"
5    android:versionName="1.0" >
6
7    <uses-sdk
8        android:minSdkVersion="23"
9        android:targetSdkVersion="34" />
10
11    <uses-permission android:name="android.permission.INTERNET" />
11-->src\main\AndroidManifest.xml:4:5-67
11-->src\main\AndroidManifest.xml:4:22-64
12    <uses-permission android:name="android.permission.ACCESS_NETWORK_STATE" />
12-->src\main\AndroidManifest.xml:5:5-79
12-->src\main\AndroidManifest.xml:5:22-76
13    <uses-permission android:name="android.permission.WRITE_EXTERNAL_STORAGE" />
13-->src\main\AndroidManifest.xml:6:5-81
13-->src\main\AndroidManifest.xml:6:22-78
14    <uses-permission
14-->src\main\AndroidManifest.xml:7:5-80
15        android:name="android.permission.READ_EXTERNAL_STORAGE"
15-->src\main\AndroidManifest.xml:7:22-77
16        android:maxSdkVersion="32" />
16-->[com.dji:dji-sdk-v5-aircraft:5.10.0] AndroidManifest.xml:17:9-35
17    <uses-permission android:name="android.permission.ACCESS_FINE_LOCATION" />
17-->src\main\AndroidManifest.xml:8:5-79
17-->src\main\AndroidManifest.xml:8:22-76
18    <uses-permission android:name="android.permission.ACCESS_COARSE_LOCATION" />
18-->src\main\AndroidManifest.xml:9:5-81
18-->src\main\AndroidManifest.xml:9:22-78
19    <uses-permission android:name="android.permission.READ_PHONE_STATE" />
19-->src\main\AndroidManifest.xml:10:5-75
19-->src\main\AndroidManifest.xml:10:22-72
20    <uses-permission android:name="android.permission.RECORD_AUDIO" />
20-->src\main\AndroidManifest.xml:11:5-71
20-->src\main\AndroidManifest.xml:11:22-68
21    <uses-permission android:name="android.permission.SYSTEM_ALERT_WINDOW" />
21-->src\main\AndroidManifest.xml:12:5-78
21-->src\main\AndroidManifest.xml:12:22-75
22    <uses-permission android:name="android.permission.FOREGROUND_SERVICE" />
22-->src\main\AndroidManifest.xml:13:5-77
22-->src\main\AndroidManifest.xml:13:22-74
23    <uses-permission android:name="android.permission.WAKE_LOCK" />
23-->src\main\AndroidManifest.xml:14:5-68
23-->src\main\AndroidManifest.xml:14:22-65
24
25    <uses-feature
25-->src\main\AndroidManifest.xml:16:5-67
26        android:name="android.hardware.usb.accessory"
26-->src\main\AndroidManifest.xml:16:19-64
27        android:required="true" />
27-->[com.dji:dji-sdk-v5-aircraft:5.10.0] AndroidManifest.xml:22:9-32
28
29    <permission
29-->[androidx.core:core:1.12.0] AndroidManifest.xml:22:5-24:47
30        android:name="com.dmj.fly.DYNAMIC_RECEIVER_NOT_EXPORTED_PERMISSION"
30-->[androidx.core:core:1.12.0] AndroidManifest.xml:23:9-81
31        android:protectionLevel="signature" />
31-->[androidx.core:core:1.12.0] AndroidManifest.xml:24:9-44
32
33    <uses-permission android:name="com.dmj.fly.DYNAMIC_RECEIVER_NOT_EXPORTED_PERMISSION" />
33-->[androidx.core:core:1.12.0] AndroidManifest.xml:26:5-97
33-->[androidx.core:core:1.12.0] AndroidManifest.xml:26:22-94
34    <uses-permission android:name="android.permission.ACCESS_WIFI_STATE" />
34-->[com.dji:dji-sdk-v5-aircraft:5.10.0] AndroidManifest.xml:9:5-76
34-->[com.dji:dji-sdk-v5-aircraft:5.10.0] AndroidManifest.xml:9:22-73
35    <uses-permission android:name="android.permission.BLUETOOTH" />
35-->[com.dji:dji-sdk-v5-aircraft:5.10.0] AndroidManifest.xml:10:5-68
35-->[com.dji:dji-sdk-v5-aircraft:5.10.0] AndroidManifest.xml:10:22-65
36    <uses-permission android:name="android.permission.BLUETOOTH_ADMIN" /> <!-- 解码库需要用到OpenGL 3.0 -->
36-->[com.dji:dji-sdk-v5-aircraft:5.10.0] AndroidManifest.xml:11:5-74
36-->[com.dji:dji-sdk-v5-aircraft:5.10.0] AndroidManifest.xml:11:22-71
37    <uses-feature
37-->[com.dji:dji-sdk-v5-aircraft:5.10.0] AndroidManifest.xml:23:5-25:35
38        android:glEsVersion="0x00030000"
38-->[com.dji:dji-sdk-v5-aircraft:5.10.0] AndroidManifest.xml:24:9-41
39        android:required="true" />
39-->[com.dji:dji-sdk-v5-aircraft:5.10.0] AndroidManifest.xml:25:9-32
40
41    <uses-permission android:name="android.permission.KILL_BACKGROUND_PROCESSES" />
41-->[com.dji:dji-sdk-v5-aircraft:5.10.0] AndroidManifest.xml:27:5-84
41-->[com.dji:dji-sdk-v5-aircraft:5.10.0] AndroidManifest.xml:27:22-81
42    <uses-permission android:name="android.permission.READ_MEDIA_IMAGES" />
42-->[com.dji:dji-sdk-v5-aircraft:5.10.0] AndroidManifest.xml:28:5-76
42-->[com.dji:dji-sdk-v5-aircraft:5.10.0] AndroidManifest.xml:28:22-73
43    <uses-permission android:name="android.permission.READ_MEDIA_VIDEO" />
43-->[com.dji:dji-sdk-v5-aircraft:5.10.0] AndroidManifest.xml:29:5-75
43-->[com.dji:dji-sdk-v5-aircraft:5.10.0] AndroidManifest.xml:29:22-72
44    <uses-permission android:name="android.permission.READ_MEDIA_AUDIO" />
44-->[com.dji:dji-sdk-v5-aircraft:5.10.0] AndroidManifest.xml:30:5-75
44-->[com.dji:dji-sdk-v5-aircraft:5.10.0] AndroidManifest.xml:30:22-72
45
46    <application
46-->src\main\AndroidManifest.xml:18:5-43:19
47        android:name="com.dmj.fly.DmjFlyApplication"
47-->src\main\AndroidManifest.xml:19:9-42
48        android:allowBackup="true"
48-->src\main\AndroidManifest.xml:21:9-35
49        android:appComponentFactory="androidx.core.app.CoreComponentFactory"
49-->[androidx.core:core:1.12.0] AndroidManifest.xml:28:18-86
50        android:debuggable="true"
51        android:extractNativeLibs="false"
52        android:largeHeap="true"
52-->src\main\AndroidManifest.xml:20:9-33
53        android:usesCleartextTraffic="false" >
53-->[com.dji:dji-sdk-v5-aircraft:5.10.0] AndroidManifest.xml:34:9-45
54        <meta-data
54-->src\main\AndroidManifest.xml:23:9-25:56
55            android:name="com.dji.sdk.API_KEY"
55-->src\main\AndroidManifest.xml:24:13-47
56            android:value="EE45A36E38A16E49C8CF38A8" />
56-->src\main\AndroidManifest.xml:25:13-53
57
58        <activity
58-->src\main\AndroidManifest.xml:27:9-41:20
59            android:name="com.dmj.fly.ui.MainActivity"
59-->src\main\AndroidManifest.xml:28:13-44
60            android:exported="true"
60-->src\main\AndroidManifest.xml:29:13-36
61            android:screenOrientation="landscape" >
61-->src\main\AndroidManifest.xml:30:13-50
62            <intent-filter>
62-->src\main\AndroidManifest.xml:31:13-34:29
63                <action android:name="android.intent.action.MAIN" />
63-->src\main\AndroidManifest.xml:32:17-69
63-->src\main\AndroidManifest.xml:32:25-66
64
65                <category android:name="android.intent.category.LAUNCHER" />
65-->src\main\AndroidManifest.xml:33:17-77
65-->src\main\AndroidManifest.xml:33:27-74
66            </intent-filter>
67            <intent-filter>
67-->src\main\AndroidManifest.xml:35:13-37:29
68                <action android:name="android.hardware.usb.action.USB_ACCESSORY_ATTACHED" />
68-->src\main\AndroidManifest.xml:36:17-93
68-->src\main\AndroidManifest.xml:36:25-90
69            </intent-filter>
70
71            <meta-data
71-->src\main\AndroidManifest.xml:38:13-40:64
72                android:name="android.hardware.usb.action.USB_ACCESSORY_ATTACHED"
72-->src\main\AndroidManifest.xml:39:17-82
73                android:resource="@xml/usb_accessory_filter" />
73-->src\main\AndroidManifest.xml:40:17-61
74        </activity>
75
76        <provider
76-->[androidx.emoji2:emoji2:1.2.0] AndroidManifest.xml:24:9-32:20
77            android:name="androidx.startup.InitializationProvider"
77-->[androidx.emoji2:emoji2:1.2.0] AndroidManifest.xml:25:13-67
78            android:authorities="com.dmj.fly.androidx-startup"
78-->[androidx.emoji2:emoji2:1.2.0] AndroidManifest.xml:26:13-68
79            android:exported="false" >
79-->[androidx.emoji2:emoji2:1.2.0] AndroidManifest.xml:27:13-37
80            <meta-data
80-->[androidx.emoji2:emoji2:1.2.0] AndroidManifest.xml:29:13-31:52
81                android:name="androidx.emoji2.text.EmojiCompatInitializer"
81-->[androidx.emoji2:emoji2:1.2.0] AndroidManifest.xml:30:17-75
82                android:value="androidx.startup" />
82-->[androidx.emoji2:emoji2:1.2.0] AndroidManifest.xml:31:17-49
83            <meta-data
83-->[androidx.lifecycle:lifecycle-process:2.7.0] AndroidManifest.xml:29:13-31:52
84                android:name="androidx.lifecycle.ProcessLifecycleInitializer"
84-->[androidx.lifecycle:lifecycle-process:2.7.0] AndroidManifest.xml:30:17-78
85                android:value="androidx.startup" />
85-->[androidx.lifecycle:lifecycle-process:2.7.0] AndroidManifest.xml:31:17-49
86            <meta-data
86-->[androidx.profileinstaller:profileinstaller:1.3.0] AndroidManifest.xml:29:13-31:52
87                android:name="androidx.profileinstaller.ProfileInstallerInitializer"
87-->[androidx.profileinstaller:profileinstaller:1.3.0] AndroidManifest.xml:30:17-85
88                android:value="androidx.startup" />
88-->[androidx.profileinstaller:profileinstaller:1.3.0] AndroidManifest.xml:31:17-49
89        </provider>
90
91        <uses-library
91-->[androidx.window:window:1.0.0] AndroidManifest.xml:25:9-27:40
92            android:name="androidx.window.extensions"
92-->[androidx.window:window:1.0.0] AndroidManifest.xml:26:13-54
93            android:required="false" />
93-->[androidx.window:window:1.0.0] AndroidManifest.xml:27:13-37
94        <uses-library
94-->[androidx.window:window:1.0.0] AndroidManifest.xml:28:9-30:40
95            android:name="androidx.window.sidecar"
95-->[androidx.window:window:1.0.0] AndroidManifest.xml:29:13-51
96            android:required="false" />
96-->[androidx.window:window:1.0.0] AndroidManifest.xml:30:13-37
97
98        <service
98-->[androidx.room:room-runtime:2.4.1] AndroidManifest.xml:25:9-28:40
99            android:name="androidx.room.MultiInstanceInvalidationService"
99-->[androidx.room:room-runtime:2.4.1] AndroidManifest.xml:26:13-74
100            android:directBootAware="true"
100-->[androidx.room:room-runtime:2.4.1] AndroidManifest.xml:27:13-43
101            android:exported="false" />
101-->[androidx.room:room-runtime:2.4.1] AndroidManifest.xml:28:13-37
102
103        <receiver
103-->[androidx.profileinstaller:profileinstaller:1.3.0] AndroidManifest.xml:34:9-52:20
104            android:name="androidx.profileinstaller.ProfileInstallReceiver"
104-->[androidx.profileinstaller:profileinstaller:1.3.0] AndroidManifest.xml:35:13-76
105            android:directBootAware="false"
105-->[androidx.profileinstaller:profileinstaller:1.3.0] AndroidManifest.xml:36:13-44
106            android:enabled="true"
106-->[androidx.profileinstaller:profileinstaller:1.3.0] AndroidManifest.xml:37:13-35
107            android:exported="true"
107-->[androidx.profileinstaller:profileinstaller:1.3.0] AndroidManifest.xml:38:13-36
108            android:permission="android.permission.DUMP" >
108-->[androidx.profileinstaller:profileinstaller:1.3.0] AndroidManifest.xml:39:13-57
109            <intent-filter>
109-->[androidx.profileinstaller:profileinstaller:1.3.0] AndroidManifest.xml:40:13-42:29
110                <action android:name="androidx.profileinstaller.action.INSTALL_PROFILE" />
110-->[androidx.profileinstaller:profileinstaller:1.3.0] AndroidManifest.xml:41:17-91
110-->[androidx.profileinstaller:profileinstaller:1.3.0] AndroidManifest.xml:41:25-88
111            </intent-filter>
112            <intent-filter>
112-->[androidx.profileinstaller:profileinstaller:1.3.0] AndroidManifest.xml:43:13-45:29
113                <action android:name="androidx.profileinstaller.action.SKIP_FILE" />
113-->[androidx.profileinstaller:profileinstaller:1.3.0] AndroidManifest.xml:44:17-85
113-->[androidx.profileinstaller:profileinstaller:1.3.0] AndroidManifest.xml:44:25-82
114            </intent-filter>
115            <intent-filter>
115-->[androidx.profileinstaller:profileinstaller:1.3.0] AndroidManifest.xml:46:13-48:29
116                <action android:name="androidx.profileinstaller.action.SAVE_PROFILE" />
116-->[androidx.profileinstaller:profileinstaller:1.3.0] AndroidManifest.xml:47:17-88
116-->[androidx.profileinstaller:profileinstaller:1.3.0] AndroidManifest.xml:47:25-85
117            </intent-filter>
118            <intent-filter>
118-->[androidx.profileinstaller:profileinstaller:1.3.0] AndroidManifest.xml:49:13-51:29
119                <action android:name="androidx.profileinstaller.action.BENCHMARK_OPERATION" />
119-->[androidx.profileinstaller:profileinstaller:1.3.0] AndroidManifest.xml:50:17-95
119-->[androidx.profileinstaller:profileinstaller:1.3.0] AndroidManifest.xml:50:25-92
120            </intent-filter>
121        </receiver>
122    </application>
123
124</manifest>